<?xml version="1.0" encoding="UTF-8"?>
<!-- Generated by org.testng.reporters.JUnitReportReporter -->
<testsuite hostname="DESKTOP-OJD6TFS" name="com.shoaib.tests.TestOnLocalAPI" tests="1" failures="0" timestamp="1 May 2021 19:03:29 GMT" time="1.361" errors="0">
  <testcase name="delete" time="1.361" classname="com.shoaib.tests.TestOnLocalAPI"/>
</testsuite> <!-- com.shoaib.tests.TestOnLocalAPI -->
