<?xml version="1.0" encoding="UTF-8"?>
<!-- Generated by org.testng.reporters.JUnitReportReporter -->
<testsuite hostname="DESKTOP-OJD6TFS" name="com.shoaib.tests.RestAssuredExample1" tests="2" failures="0" timestamp="29 Apr 2021 10:34:59 GMT" time="3.991" errors="0">
  <testcase name="restAssuredExample1" time="2.442" classname="com.shoaib.tests.RestAssuredExample1"/>
  <testcase name="restAssuredExample2" time="1.549" classname="com.shoaib.tests.RestAssuredExample1"/>
</testsuite> <!-- com.shoaib.tests.RestAssuredExample1 -->
