<?xml version="1.0" encoding="UTF-8"?>
<!-- Generated by org.testng.reporters.JUnitReportReporter -->
<testsuite hostname="DESKTOP-OJD6TFS" name="com.shoaib.tests.GetAndPostRequests" tests="1" failures="0" timestamp="29 Apr 2021 16:26:20 GMT" time="2.568" errors="0">
  <testcase name="postExample" time="2.568" classname="com.shoaib.tests.GetAndPostRequests"/>
</testsuite> <!-- com.shoaib.tests.GetAndPostRequests -->
